{
  "stats": {
    "suites": 1,
    "tests": 2,
    "passes": 2,
    "pending": 0,
    "failures": 0,
    "start": "2024-09-08T03:29:03.841Z",
    "end": "2024-09-08T03:29:05.246Z",
    "duration": 1405,
    "testsRegistered": 2,
    "passPercent": 100,
    "pendingPercent": 0,
    "other": 0,
    "hasOther": false,
    "skipped": 0,
    "hasSkipped": false
  },
  "results": [
    {
      "uuid": "b598d73b-f41e-4fa2-ac41-4df7f5f835b2",
      "title": "",
      "fullFile": "E:\\api-automation-ds-batch5\\test\\test-demo.js",
      "file": "\\test\\test-demo.js",
      "beforeHooks": [],
      "afterHooks": [],
      "tests": [],
      "suites": [
        {
          "uuid": "0ae64d94-5e35-462b-bbfc-a233ed34ff3c",
          "title": "API Test for \"resful-api.dev\"",
          "fullFile": "E:\\api-automation-ds-batch5\\test\\test-demo.js",
          "file": "\\test\\test-demo.js",
          "beforeHooks": [],
          "afterHooks": [],
          "tests": [
            {
              "title": "Test - GET All Objects",
              "fullTitle": "API Test for \"resful-api.dev\" Test - GET All Objects",
              "timedOut": false,
              "duration": 514,
              "state": "passed",
              "speed": "slow",
              "pass": true,
              "fail": false,
              "pending": false,
              "context": null,
              "code": "const response = await request(BASE_URL).get(\"objects\")        \n\n    //assertion\n    assert.equal(response.statusCode, 200)\n    assert.equal(response.body[0].name, \"Google Pixel 6 Pro\")\n\n    expect(response.statusCode).to.equal(200)",
              "err": {},
              "uuid": "1876d718-d955-4f3b-bc9c-17dbb9e6feab",
              "parentUUID": "0ae64d94-5e35-462b-bbfc-a233ed34ff3c",
              "isHook": false,
              "skipped": false
            },
            {
              "title": "Test - POST Store Objects",
              "fullTitle": "API Test for \"resful-api.dev\" Test - POST Store Objects",
              "timedOut": false,
              "duration": 854,
              "state": "passed",
              "speed": "slow",
              "pass": true,
              "fail": false,
              "pending": false,
              "context": null,
              "code": "const response = await request(BASE_URL)\n.post(\"objects\")\n.send( \n    {\n        \"name\": \"Apple MacBook Pro 16\",\n        \"data\": {\n           \"year\": 2019,\n           \"price\": 1849.99,\n           \"CPU model\": \"Intel Core i9\",\n           \"Hard disk size\": \"1 TB\"\n        }\n     }\n)\nconsole.log(response.statusCode);\nconsole.log(response.body)\n\n    //assertion\n    should(response.statusCode === 200)\n    \n    const schemaPath = \"resources/jsonSchema/post-object-schema.json\"\n    const jsonSchema = JSON.parse(fs.readFileSync(schemaPath, 'utf8'))\n    assert.jsonSchema(response.body, jsonSchema)",
              "err": {},
              "uuid": "b97814db-249a-4a97-8848-63575249f5dd",
              "parentUUID": "0ae64d94-5e35-462b-bbfc-a233ed34ff3c",
              "isHook": false,
              "skipped": false
            }
          ],
          "suites": [],
          "passes": [
            "1876d718-d955-4f3b-bc9c-17dbb9e6feab",
            "b97814db-249a-4a97-8848-63575249f5dd"
          ],
          "failures": [],
          "pending": [],
          "skipped": [],
          "duration": 1368,
          "root": false,
          "rootEmpty": false,
          "_timeout": 2000
        }
      ],
      "passes": [],
      "failures": [],
      "pending": [],
      "skipped": [],
      "duration": 0,
      "root": true,
      "rootEmpty": true,
      "_timeout": 2000
    }
  ],
  "meta": {
    "mocha": {
      "version": "10.7.3"
    },
    "mochawesome": {
      "options": {
        "quiet": false,
        "reportFilename": "mochawesome",
        "saveHtml": true,
        "saveJson": true,
        "consoleReporter": "spec",
        "useInlineDiffs": false,
        "code": true
      },
      "version": "7.1.3"
    },
    "marge": {
      "options": null,
      "version": "6.2.0"
    }
  }
}